Arguments: 
  /usr/bin/node /usr/bin/yarn add moment

PATH: 
  /usr/local/bin:/usr/bin:/bin:/usr/local/sbin:/usr/lib/jvm/default/bin:/usr/bin/site_perl:/usr/bin/vendor_perl:/usr/bin/core_perl:/usr/lib/jvm/default/bin:/usr/bin/site_perl:/usr/bin/vendor_perl:/usr/bin/core_perl

Yarn version: 
  1.13.0

Node version: 
  11.8.0

Platform: 
  linux x64

Trace: 
  Error: EACCES: permission denied, mkdir '/home/user/projects/fullstack/node_modules/cliui'

npm manifest: 
  {
    "name": "fullstack",
    "version": "1.0.0",
    "description": "fullstack app with angular and node",
    "main": "index.js",
    "scripts": {
      "start": "node index",
      "server": "nodemon index",
      "client-install": "npm install --prefix client",
      "client": "npm run start --prefix client",
      "dev": "concurrently \"npm run server\" \"npm run client\""
    },
    "keywords": [
      "express",
      "angular"
    ],
    "author": "Mykhailo panas",
    "license": "ISC",
    "dependencies": {
      "bcryptjs": "^2.4.3",
      "body-parser": "^1.18.3",
      "cors": "^2.8.5",
      "express": "^4.16.4",
      "jsonwebtoken": "^8.5.0",
      "mongoose": "^5.4.19",
      "morgan": "^1.9.1",
      "nodemon": "^1.18.10",
      "passport": "^0.4.0",
      "passport-jwt": "^4.0.0"
    },
    "devDependencies": {
      "concurrently": "^4.1.0"
    }
  }

yarn manifest: 
  No manifest

Lockfile: 
  No lockfile
